<?xml version="1.0" encoding="UTF-8"?>
<!-- Generated by org.testng.reporters.JUnitReportReporter -->
<testsuite hostname="VIVEK" failures="0" tests="3" name="com.ddt.testcases.TestCaseAddCustomer" time="1.560" errors="0" timestamp="2023-01-04T09:46:55 IST" skipped="0">
  <testcase classname="com.ddt.testcases.TestCaseAddCustomer" name="addCustomer" time="0.361"/>
  <system-out>
    <![CDATA[Capturing Screenshot
<a target="_blank"  href=D:\dataDrivenTestingProject\dataDriven\target\surefire-reports\html\ScreenShotWed_Jan_04_09_46_52_IST_2023.png>ScreenShot</a>
<br>
<a target="_blank"  href=D:\dataDrivenTestingProject\dataDriven\target\surefire-reports\html\ScreenShotWed_Jan_04_09_46_52_IST_2023.png><image src=D:\dataDrivenTestingProject\dataDriven\target\surefire-reports\html\ScreenShotWed_Jan_04_09_46_52_IST_2023.png height=200 width=200></a>]]>
  </system-out>
  <testcase classname="com.ddt.testcases.TestCaseAddCustomer" name="addCustomer" time="0.481"/>
  <system-out>
    <![CDATA[Capturing Screenshot
<a target="_blank"  href=D:\dataDrivenTestingProject\dataDriven\target\surefire-reports\html\ScreenShotWed_Jan_04_09_46_52_IST_2023.png>ScreenShot</a>
<br>
<a target="_blank"  href=D:\dataDrivenTestingProject\dataDriven\target\surefire-reports\html\ScreenShotWed_Jan_04_09_46_52_IST_2023.png><image src=D:\dataDrivenTestingProject\dataDriven\target\surefire-reports\html\ScreenShotWed_Jan_04_09_46_52_IST_2023.png height=200 width=200></a>]]>
  </system-out>
  <testcase classname="com.ddt.testcases.TestCaseAddCustomer" name="addCustomer" time="0.718"/>
  <system-out>
    <![CDATA[Capturing Screenshot
<a target="_blank"  href=D:\dataDrivenTestingProject\dataDriven\target\surefire-reports\html\ScreenShotWed_Jan_04_09_46_51_IST_2023.png>ScreenShot</a>
<br>
<a target="_blank"  href=D:\dataDrivenTestingProject\dataDriven\target\surefire-reports\html\ScreenShotWed_Jan_04_09_46_51_IST_2023.png><image src=D:\dataDrivenTestingProject\dataDriven\target\surefire-reports\html\ScreenShotWed_Jan_04_09_46_51_IST_2023.png height=200 width=200></a>]]>
  </system-out>
</testsuite> <!-- com.ddt.testcases.TestCaseAddCustomer -->
