<?xml version="1.0" encoding="UTF-8"?>
<!-- Generated by org.testng.reporters.JUnitReportReporter -->
<testsuite hostname="VIVEK" failures="0" tests="1" name="com.ddt.testcases.TestCases" time="4.840" errors="0" timestamp="2023-01-04T09:46:55 IST" skipped="0">
  <testcase classname="com.ddt.testcases.TestCases" name="mgrLogin" time="4.840"/>
  <system-out>
    <![CDATA[Login to the website is successfull
Capturing Screenshot
<a target="_blank"  href=D:\dataDrivenTestingProject\dataDriven\target\surefire-reports\html\ScreenShotWed_Jan_04_09_46_49_IST_2023.png>ScreenShot</a>
<br>
<a target="_blank"  href=D:\dataDrivenTestingProject\dataDriven\target\surefire-reports\html\ScreenShotWed_Jan_04_09_46_49_IST_2023.png><image src=D:\dataDrivenTestingProject\dataDriven\target\surefire-reports\html\ScreenShotWed_Jan_04_09_46_49_IST_2023.png height=200 width=200></a>]]>
  </system-out>
</testsuite> <!-- com.ddt.testcases.TestCases -->
