<?xml version="1.0" encoding="UTF-8"?>
<testsuite xmlns:xsi="http://www.w3.org/2001/XMLSchema-instance" xsi:noNamespaceSchemaLocation="https://maven.apache.org/surefire/maven-surefire-plugin/xsd/surefire-test-report-3.0.xsd" version="3.0" name="TestSuite" time="15.183" tests="7" errors="0" skipped="0" failures="0">
  <properties>
    <property name="java.specification.version" value="17"/>
    <property name="webdriver.chrome.driver" value="C:\Users\lenovo\.cache\selenium\chromedriver\win32\108.0.5359.71\chromedriver.exe"/>
    <property name="sun.cpu.isalist" value="amd64"/>
    <property name="sun.jnu.encoding" value="Cp1252"/>
    <property name="org.uncommons.reportng.escape-output" value="false"/>
    <property name="java.class.path" value="D:\dataDrivenTestingProject\dataDriven\target\test-classes;D:\dataDrivenTestingProject\dataDriven\target\classes;C:\Users\lenovo\.m2\repository\org\testng\testng\7.6.1\testng-7.6.1.jar;C:\Users\lenovo\.m2\repository\com\google\code\findbugs\jsr305\3.0.2\jsr305-3.0.2.jar;C:\Users\lenovo\.m2\repository\org\slf4j\slf4j-api\1.7.36\slf4j-api-1.7.36.jar;C:\Users\lenovo\.m2\repository\com\beust\jcommander\1.82\jcommander-1.82.jar;C:\Users\lenovo\.m2\repository\org\webjars\jquery\3.6.0\jquery-3.6.0.jar;C:\Users\lenovo\.m2\repository\org\seleniumhq\selenium\selenium-java\4.1.1\selenium-java-4.1.1.jar;C:\Users\lenovo\.m2\repository\org\seleniumhq\selenium\selenium-api\4.1.1\selenium-api-4.1.1.jar;C:\Users\lenovo\.m2\repository\org\seleniumhq\selenium\selenium-chrome-driver\4.1.1\selenium-chrome-driver-4.1.1.jar;C:\Users\lenovo\.m2\repository\com\google\auto\service\auto-service-annotations\1.0.1\auto-service-annotations-1.0.1.jar;C:\Users\lenovo\.m2\repository\com\google\auto\service\auto-service\1.0.1\auto-service-1.0.1.jar;C:\Users\lenovo\.m2\repository\com\google\auto\auto-common\1.2\auto-common-1.2.jar;C:\Users\lenovo\.m2\repository\org\seleniumhq\selenium\selenium-chromium-driver\4.1.1\selenium-chromium-driver-4.1.1.jar;C:\Users\lenovo\.m2\repository\org\seleniumhq\selenium\selenium-json\4.1.1\selenium-json-4.1.1.jar;C:\Users\lenovo\.m2\repository\org\seleniumhq\selenium\selenium-devtools-v85\4.1.1\selenium-devtools-v85-4.1.1.jar;C:\Users\lenovo\.m2\repository\org\seleniumhq\selenium\selenium-devtools-v94\4.1.1\selenium-devtools-v94-4.1.1.jar;C:\Users\lenovo\.m2\repository\org\seleniumhq\selenium\selenium-devtools-v95\4.1.1\selenium-devtools-v95-4.1.1.jar;C:\Users\lenovo\.m2\repository\org\seleniumhq\selenium\selenium-devtools-v96\4.1.1\selenium-devtools-v96-4.1.1.jar;C:\Users\lenovo\.m2\repository\org\seleniumhq\selenium\selenium-edge-driver\4.1.1\selenium-edge-driver-4.1.1.jar;C:\Users\lenovo\.m2\repository\org\seleniumhq\selenium\selenium-firefox-driver\4.1.1\selenium-firefox-driver-4.1.1.jar;C:\Users\lenovo\.m2\repository\org\seleniumhq\selenium\selenium-firefox-xpi-driver\4.1.1\selenium-firefox-xpi-driver-4.1.1.jar;C:\Users\lenovo\.m2\repository\org\seleniumhq\selenium\selenium-ie-driver\4.1.1\selenium-ie-driver-4.1.1.jar;C:\Users\lenovo\.m2\repository\org\seleniumhq\selenium\selenium-opera-driver\4.1.1\selenium-opera-driver-4.1.1.jar;C:\Users\lenovo\.m2\repository\org\seleniumhq\selenium\selenium-remote-driver\4.1.1\selenium-remote-driver-4.1.1.jar;C:\Users\lenovo\.m2\repository\io\netty\netty-buffer\4.1.70.Final\netty-buffer-4.1.70.Final.jar;C:\Users\lenovo\.m2\repository\io\netty\netty-codec-http\4.1.70.Final\netty-codec-http-4.1.70.Final.jar;C:\Users\lenovo\.m2\repository\io\netty\netty-codec\4.1.70.Final\netty-codec-4.1.70.Final.jar;C:\Users\lenovo\.m2\repository\io\netty\netty-handler\4.1.70.Final\netty-handler-4.1.70.Final.jar;C:\Users\lenovo\.m2\repository\io\netty\netty-common\4.1.70.Final\netty-common-4.1.70.Final.jar;C:\Users\lenovo\.m2\repository\io\netty\netty-transport-classes-epoll\4.1.70.Final\netty-transport-classes-epoll-4.1.70.Final.jar;C:\Users\lenovo\.m2\repository\io\netty\netty-transport-classes-kqueue\4.1.70.Final\netty-transport-classes-kqueue-4.1.70.Final.jar;C:\Users\lenovo\.m2\repository\io\netty\netty-transport-native-unix-common\4.1.70.Final\netty-transport-native-unix-common-4.1.70.Final.jar;C:\Users\lenovo\.m2\repository\io\netty\netty-transport\4.1.70.Final\netty-transport-4.1.70.Final.jar;C:\Users\lenovo\.m2\repository\io\netty\netty-resolver\4.1.70.Final\netty-resolver-4.1.70.Final.jar;C:\Users\lenovo\.m2\repository\io\opentelemetry\opentelemetry-api\1.9.1\opentelemetry-api-1.9.1.jar;C:\Users\lenovo\.m2\repository\io\opentelemetry\opentelemetry-context\1.9.1\opentelemetry-context-1.9.1.jar;C:\Users\lenovo\.m2\repository\io\opentelemetry\opentelemetry-exporter-logging\1.9.1\opentelemetry-exporter-logging-1.9.1.jar;C:\Users\lenovo\.m2\repository\io\opentelemetry\opentelemetry-sdk-metrics\1.9.1-alpha\opentelemetry-sdk-metrics-1.9.1-alpha.jar;C:\Users\lenovo\.m2\repository\io\opentelemetry\opentelemetry-sdk-logs\1.9.1-alpha\opentelemetry-sdk-logs-1.9.1-alpha.jar;C:\Users\lenovo\.m2\repository\io\opentelemetry\opentelemetry-sdk-common\1.9.1\opentelemetry-sdk-common-1.9.1.jar;C:\Users\lenovo\.m2\repository\io\opentelemetry\opentelemetry-sdk-extension-autoconfigure-spi\1.9.1\opentelemetry-sdk-extension-autoconfigure-spi-1.9.1.jar;C:\Users\lenovo\.m2\repository\io\opentelemetry\opentelemetry-sdk-extension-autoconfigure\1.9.1-alpha\opentelemetry-sdk-extension-autoconfigure-1.9.1-alpha.jar;C:\Users\lenovo\.m2\repository\io\opentelemetry\opentelemetry-sdk-trace\1.9.1\opentelemetry-sdk-trace-1.9.1.jar;C:\Users\lenovo\.m2\repository\io\opentelemetry\opentelemetry-api-metrics\1.9.1-alpha\opentelemetry-api-metrics-1.9.1-alpha.jar;C:\Users\lenovo\.m2\repository\io\opentelemetry\opentelemetry-sdk\1.9.1\opentelemetry-sdk-1.9.1.jar;C:\Users\lenovo\.m2\repository\io\opentelemetry\opentelemetry-semconv\1.9.1-alpha\opentelemetry-semconv-1.9.1-alpha.jar;C:\Users\lenovo\.m2\repository\io\ous\jtoml\2.0.0\jtoml-2.0.0.jar;C:\Users\lenovo\.m2\repository\net\bytebuddy\byte-buddy\1.12.2\byte-buddy-1.12.2.jar;C:\Users\lenovo\.m2\repository\org\apache\commons\commons-exec\1.3\commons-exec-1.3.jar;C:\Users\lenovo\.m2\repository\org\asynchttpclient\async-http-client\2.12.3\async-http-client-2.12.3.jar;C:\Users\lenovo\.m2\repository\org\asynchttpclient\async-http-client-netty-utils\2.12.3\async-http-client-netty-utils-2.12.3.jar;C:\Users\lenovo\.m2\repository\io\netty\netty-codec-socks\4.1.60.Final\netty-codec-socks-4.1.60.Final.jar;C:\Users\lenovo\.m2\repository\io\netty\netty-handler-proxy\4.1.60.Final\netty-handler-proxy-4.1.60.Final.jar;C:\Users\lenovo\.m2\repository\io\netty\netty-transport-native-epoll\4.1.60.Final\netty-transport-native-epoll-4.1.60.Final-linux-x86_64.jar;C:\Users\lenovo\.m2\repository\io\netty\netty-transport-native-kqueue\4.1.60.Final\netty-transport-native-kqueue-4.1.60.Final-osx-x86_64.jar;C:\Users\lenovo\.m2\repository\org\reactivestreams\reactive-streams\1.0.3\reactive-streams-1.0.3.jar;C:\Users\lenovo\.m2\repository\com\typesafe\netty\netty-reactive-streams\2.0.4\netty-reactive-streams-2.0.4.jar;C:\Users\lenovo\.m2\repository\com\sun\activation\jakarta.activation\1.2.2\jakarta.activation-1.2.2.jar;C:\Users\lenovo\.m2\repository\org\seleniumhq\selenium\selenium-http\4.1.1\selenium-http-4.1.1.jar;C:\Users\lenovo\.m2\repository\net\jodah\failsafe\2.4.4\failsafe-2.4.4.jar;C:\Users\lenovo\.m2\repository\org\seleniumhq\selenium\selenium-safari-driver\4.1.1\selenium-safari-driver-4.1.1.jar;C:\Users\lenovo\.m2\repository\org\seleniumhq\selenium\selenium-support\4.1.1\selenium-support-4.1.1.jar;C:\Users\lenovo\.m2\repository\io\github\bonigarcia\webdrivermanager\5.1.1\webdrivermanager-5.1.1.jar;C:\Users\lenovo\.m2\repository\com\google\code\gson\gson\2.9.0\gson-2.9.0.jar;C:\Users\lenovo\.m2\repository\com\github\docker-java\docker-java\3.2.13\docker-java-3.2.13.jar;C:\Users\lenovo\.m2\repository\com\github\docker-java\docker-java-core\3.2.13\docker-java-core-3.2.13.jar;C:\Users\lenovo\.m2\repository\com\github\docker-java\docker-java-api\3.2.13\docker-java-api-3.2.13.jar;C:\Users\lenovo\.m2\repository\com\fasterxml\jackson\core\jackson-annotations\2.10.3\jackson-annotations-2.10.3.jar;C:\Users\lenovo\.m2\repository\com\fasterxml\jackson\core\jackson-databind\2.10.3\jackson-databind-2.10.3.jar;C:\Users\lenovo\.m2\repository\com\fasterxml\jackson\core\jackson-core\2.10.3\jackson-core-2.10.3.jar;C:\Users\lenovo\.m2\repository\org\bouncycastle\bcpkix-jdk15on\1.64\bcpkix-jdk15on-1.64.jar;C:\Users\lenovo\.m2\repository\org\bouncycastle\bcprov-jdk15on\1.64\bcprov-jdk15on-1.64.jar;C:\Users\lenovo\.m2\repository\org\slf4j\jcl-over-slf4j\1.7.30\jcl-over-slf4j-1.7.30.jar;C:\Users\lenovo\.m2\repository\com\github\docker-java\docker-java-transport-httpclient5\3.2.13\docker-java-transport-httpclient5-3.2.13.jar;C:\Users\lenovo\.m2\repository\com\github\docker-java\docker-java-transport\3.2.13\docker-java-transport-3.2.13.jar;C:\Users\lenovo\.m2\repository\net\java\dev\jna\jna\5.8.0\jna-5.8.0.jar;C:\Users\lenovo\.m2\repository\org\brotli\dec\0.1.2\dec-0.1.2.jar;C:\Users\lenovo\.m2\repository\org\apache\commons\commons-lang3\3.12.0\commons-lang3-3.12.0.jar;C:\Users\lenovo\.m2\repository\org\apache\httpcomponents\client5\httpclient5\5.1.3\httpclient5-5.1.3.jar;C:\Users\lenovo\.m2\repository\org\apache\httpcomponents\core5\httpcore5\5.1.3\httpcore5-5.1.3.jar;C:\Users\lenovo\.m2\repository\org\apache\httpcomponents\core5\httpcore5-h2\5.1.3\httpcore5-h2-5.1.3.jar;C:\Users\lenovo\.m2\repository\org\apache\poi\poi\5.2.2\poi-5.2.2.jar;C:\Users\lenovo\.m2\repository\commons-codec\commons-codec\1.15\commons-codec-1.15.jar;C:\Users\lenovo\.m2\repository\org\apache\commons\commons-collections4\4.4\commons-collections4-4.4.jar;C:\Users\lenovo\.m2\repository\org\apache\commons\commons-math3\3.6.1\commons-math3-3.6.1.jar;C:\Users\lenovo\.m2\repository\commons-io\commons-io\2.11.0\commons-io-2.11.0.jar;C:\Users\lenovo\.m2\repository\com\zaxxer\SparseBitSet\1.2\SparseBitSet-1.2.jar;C:\Users\lenovo\.m2\repository\org\apache\poi\poi-ooxml\5.2.2\poi-ooxml-5.2.2.jar;C:\Users\lenovo\.m2\repository\org\apache\poi\poi-ooxml-lite\5.2.2\poi-ooxml-lite-5.2.2.jar;C:\Users\lenovo\.m2\repository\org\apache\xmlbeans\xmlbeans\5.0.3\xmlbeans-5.0.3.jar;C:\Users\lenovo\.m2\repository\org\apache\commons\commons-compress\1.21\commons-compress-1.21.jar;C:\Users\lenovo\.m2\repository\com\github\virtuald\curvesapi\1.07\curvesapi-1.07.jar;C:\Users\lenovo\.m2\repository\org\apache\logging\log4j\log4j-api\2.19.0\log4j-api-2.19.0.jar;C:\Users\lenovo\.m2\repository\org\apache\logging\log4j\log4j-core\2.19.0\log4j-core-2.19.0.jar;C:\Users\lenovo\.m2\repository\com\google\inject\guice\5.1.0\guice-5.1.0.jar;C:\Users\lenovo\.m2\repository\javax\inject\javax.inject\1\javax.inject-1.jar;C:\Users\lenovo\.m2\repository\aopalliance\aopalliance\1.0\aopalliance-1.0.jar;C:\Users\lenovo\.m2\repository\com\google\guava\guava\30.1-jre\guava-30.1-jre.jar;C:\Users\lenovo\.m2\repository\com\google\guava\failureaccess\1.0.1\failureaccess-1.0.1.jar;C:\Users\lenovo\.m2\repository\com\google\guava\listenablefuture\9999.0-empty-to-avoid-conflict-with-guava\listenablefuture-9999.0-empty-to-avoid-conflict-with-guava.jar;C:\Users\lenovo\.m2\repository\org\checkerframework\checker-qual\3.5.0\checker-qual-3.5.0.jar;C:\Users\lenovo\.m2\repository\com\google\errorprone\error_prone_annotations\2.3.4\error_prone_annotations-2.3.4.jar;C:\Users\lenovo\.m2\repository\com\google\j2objc\j2objc-annotations\1.3\j2objc-annotations-1.3.jar;C:\Users\lenovo\.m2\repository\org\uncommons\reportng\1.1.4\reportng-1.1.4.jar;C:\Users\lenovo\.m2\repository\velocity\velocity\1.4\velocity-1.4.jar;C:\Users\lenovo\.m2\repository\velocity\velocity-dep\1.4\velocity-dep-1.4.jar;C:\Users\lenovo\.m2\repository\org\apache\maven\plugins\maven-compiler-plugin\3.10.1\maven-compiler-plugin-3.10.1.jar;C:\Users\lenovo\.m2\repository\org\apache\maven\shared\maven-shared-utils\3.3.4\maven-shared-utils-3.3.4.jar;C:\Users\lenovo\.m2\repository\org\apache\maven\shared\maven-shared-incremental\1.1\maven-shared-incremental-1.1.jar;C:\Users\lenovo\.m2\repository\org\codehaus\plexus\plexus-component-annotations\1.5.5\plexus-component-annotations-1.5.5.jar;C:\Users\lenovo\.m2\repository\org\codehaus\plexus\plexus-java\1.1.1\plexus-java-1.1.1.jar;C:\Users\lenovo\.m2\repository\org\ow2\asm\asm\9.2\asm-9.2.jar;C:\Users\lenovo\.m2\repository\com\thoughtworks\qdox\qdox\2.0.1\qdox-2.0.1.jar;C:\Users\lenovo\.m2\repository\org\codehaus\plexus\plexus-compiler-api\2.11.1\plexus-compiler-api-2.11.1.jar;C:\Users\lenovo\.m2\repository\org\codehaus\plexus\plexus-utils\3.4.1\plexus-utils-3.4.1.jar;C:\Users\lenovo\.m2\repository\org\codehaus\plexus\plexus-compiler-manager\2.11.1\plexus-compiler-manager-2.11.1.jar;C:\Users\lenovo\.m2\repository\org\codehaus\plexus\plexus-compiler-javac\2.11.1\plexus-compiler-javac-2.11.1.jar;C:\Users\lenovo\.m2\repository\com\relevantcodes\extentreports\2.41.2\extentreports-2.41.2.jar;C:\Users\lenovo\.m2\repository\org\jsoup\jsoup\1.8.3\jsoup-1.8.3.jar;C:\Users\lenovo\.m2\repository\org\xerial\sqlite-jdbc\3.8.11.1\sqlite-jdbc-3.8.11.1.jar;C:\Users\lenovo\.m2\repository\org\freemarker\freemarker\2.3.23\freemarker-2.3.23.jar;C:\Users\lenovo\.m2\repository\org\mongodb\mongodb-driver\3.0.4\mongodb-driver-3.0.4.jar;C:\Users\lenovo\.m2\repository\org\mongodb\bson\3.0.4\bson-3.0.4.jar;C:\Users\lenovo\.m2\repository\org\mongodb\mongodb-driver-core\3.0.4\mongodb-driver-core-3.0.4.jar;C:\Users\lenovo\.m2\repository\org\slf4j\slf4j-simple\1.7.32\slf4j-simple-1.7.32.jar;"/>
    <property name="java.vm.vendor" value="Oracle Corporation"/>
    <property name="sun.arch.data.model" value="64"/>
    <property name="user.variant" value=""/>
    <property name="java.vendor.url" value="https://java.oracle.com/"/>
    <property name="user.timezone" value="Asia/Calcutta"/>
    <property name="os.name" value="Windows 10"/>
    <property name="java.vm.specification.version" value="17"/>
    <property name="sun.java.launcher" value="SUN_STANDARD"/>
    <property name="user.country" value="IN"/>
    <property name="sun.boot.library.path" value="C:\Program Files\Java\jdk-17.0.1\bin"/>
    <property name="sun.java.command" value="C:\Users\lenovo\AppData\Local\Temp\surefire2932894861955849370\surefirebooter-20230104094639491_3.jar C:\Users\lenovo\AppData\Local\Temp\surefire2932894861955849370 2023-01-04T09-46-38_737-jvmRun1 surefire-20230104094639491_1tmp surefire_0-20230104094639491_2tmp"/>
    <property name="jdk.debug" value="release"/>
    <property name="surefire.test.class.path" value="D:\dataDrivenTestingProject\dataDriven\target\test-classes;D:\dataDrivenTestingProject\dataDriven\target\classes;C:\Users\lenovo\.m2\repository\org\testng\testng\7.6.1\testng-7.6.1.jar;C:\Users\lenovo\.m2\repository\com\google\code\findbugs\jsr305\3.0.2\jsr305-3.0.2.jar;C:\Users\lenovo\.m2\repository\org\slf4j\slf4j-api\1.7.36\slf4j-api-1.7.36.jar;C:\Users\lenovo\.m2\repository\com\beust\jcommander\1.82\jcommander-1.82.jar;C:\Users\lenovo\.m2\repository\org\webjars\jquery\3.6.0\jquery-3.6.0.jar;C:\Users\lenovo\.m2\repository\org\seleniumhq\selenium\selenium-java\4.1.1\selenium-java-4.1.1.jar;C:\Users\lenovo\.m2\repository\org\seleniumhq\selenium\selenium-api\4.1.1\selenium-api-4.1.1.jar;C:\Users\lenovo\.m2\repository\org\seleniumhq\selenium\selenium-chrome-driver\4.1.1\selenium-chrome-driver-4.1.1.jar;C:\Users\lenovo\.m2\repository\com\google\auto\service\auto-service-annotations\1.0.1\auto-service-annotations-1.0.1.jar;C:\Users\lenovo\.m2\repository\com\google\auto\service\auto-service\1.0.1\auto-service-1.0.1.jar;C:\Users\lenovo\.m2\repository\com\google\auto\auto-common\1.2\auto-common-1.2.jar;C:\Users\lenovo\.m2\repository\org\seleniumhq\selenium\selenium-chromium-driver\4.1.1\selenium-chromium-driver-4.1.1.jar;C:\Users\lenovo\.m2\repository\org\seleniumhq\selenium\selenium-json\4.1.1\selenium-json-4.1.1.jar;C:\Users\lenovo\.m2\repository\org\seleniumhq\selenium\selenium-devtools-v85\4.1.1\selenium-devtools-v85-4.1.1.jar;C:\Users\lenovo\.m2\repository\org\seleniumhq\selenium\selenium-devtools-v94\4.1.1\selenium-devtools-v94-4.1.1.jar;C:\Users\lenovo\.m2\repository\org\seleniumhq\selenium\selenium-devtools-v95\4.1.1\selenium-devtools-v95-4.1.1.jar;C:\Users\lenovo\.m2\repository\org\seleniumhq\selenium\selenium-devtools-v96\4.1.1\selenium-devtools-v96-4.1.1.jar;C:\Users\lenovo\.m2\repository\org\seleniumhq\selenium\selenium-edge-driver\4.1.1\selenium-edge-driver-4.1.1.jar;C:\Users\lenovo\.m2\repository\org\seleniumhq\selenium\selenium-firefox-driver\4.1.1\selenium-firefox-driver-4.1.1.jar;C:\Users\lenovo\.m2\repository\org\seleniumhq\selenium\selenium-firefox-xpi-driver\4.1.1\selenium-firefox-xpi-driver-4.1.1.jar;C:\Users\lenovo\.m2\repository\org\seleniumhq\selenium\selenium-ie-driver\4.1.1\selenium-ie-driver-4.1.1.jar;C:\Users\lenovo\.m2\repository\org\seleniumhq\selenium\selenium-opera-driver\4.1.1\selenium-opera-driver-4.1.1.jar;C:\Users\lenovo\.m2\repository\org\seleniumhq\selenium\selenium-remote-driver\4.1.1\selenium-remote-driver-4.1.1.jar;C:\Users\lenovo\.m2\repository\io\netty\netty-buffer\4.1.70.Final\netty-buffer-4.1.70.Final.jar;C:\Users\lenovo\.m2\repository\io\netty\netty-codec-http\4.1.70.Final\netty-codec-http-4.1.70.Final.jar;C:\Users\lenovo\.m2\repository\io\netty\netty-codec\4.1.70.Final\netty-codec-4.1.70.Final.jar;C:\Users\lenovo\.m2\repository\io\netty\netty-handler\4.1.70.Final\netty-handler-4.1.70.Final.jar;C:\Users\lenovo\.m2\repository\io\netty\netty-common\4.1.70.Final\netty-common-4.1.70.Final.jar;C:\Users\lenovo\.m2\repository\io\netty\netty-transport-classes-epoll\4.1.70.Final\netty-transport-classes-epoll-4.1.70.Final.jar;C:\Users\lenovo\.m2\repository\io\netty\netty-transport-classes-kqueue\4.1.70.Final\netty-transport-classes-kqueue-4.1.70.Final.jar;C:\Users\lenovo\.m2\repository\io\netty\netty-transport-native-unix-common\4.1.70.Final\netty-transport-native-unix-common-4.1.70.Final.jar;C:\Users\lenovo\.m2\repository\io\netty\netty-transport\4.1.70.Final\netty-transport-4.1.70.Final.jar;C:\Users\lenovo\.m2\repository\io\netty\netty-resolver\4.1.70.Final\netty-resolver-4.1.70.Final.jar;C:\Users\lenovo\.m2\repository\io\opentelemetry\opentelemetry-api\1.9.1\opentelemetry-api-1.9.1.jar;C:\Users\lenovo\.m2\repository\io\opentelemetry\opentelemetry-context\1.9.1\opentelemetry-context-1.9.1.jar;C:\Users\lenovo\.m2\repository\io\opentelemetry\opentelemetry-exporter-logging\1.9.1\opentelemetry-exporter-logging-1.9.1.jar;C:\Users\lenovo\.m2\repository\io\opentelemetry\opentelemetry-sdk-metrics\1.9.1-alpha\opentelemetry-sdk-metrics-1.9.1-alpha.jar;C:\Users\lenovo\.m2\repository\io\opentelemetry\opentelemetry-sdk-logs\1.9.1-alpha\opentelemetry-sdk-logs-1.9.1-alpha.jar;C:\Users\lenovo\.m2\repository\io\opentelemetry\opentelemetry-sdk-common\1.9.1\opentelemetry-sdk-common-1.9.1.jar;C:\Users\lenovo\.m2\repository\io\opentelemetry\opentelemetry-sdk-extension-autoconfigure-spi\1.9.1\opentelemetry-sdk-extension-autoconfigure-spi-1.9.1.jar;C:\Users\lenovo\.m2\repository\io\opentelemetry\opentelemetry-sdk-extension-autoconfigure\1.9.1-alpha\opentelemetry-sdk-extension-autoconfigure-1.9.1-alpha.jar;C:\Users\lenovo\.m2\repository\io\opentelemetry\opentelemetry-sdk-trace\1.9.1\opentelemetry-sdk-trace-1.9.1.jar;C:\Users\lenovo\.m2\repository\io\opentelemetry\opentelemetry-api-metrics\1.9.1-alpha\opentelemetry-api-metrics-1.9.1-alpha.jar;C:\Users\lenovo\.m2\repository\io\opentelemetry\opentelemetry-sdk\1.9.1\opentelemetry-sdk-1.9.1.jar;C:\Users\lenovo\.m2\repository\io\opentelemetry\opentelemetry-semconv\1.9.1-alpha\opentelemetry-semconv-1.9.1-alpha.jar;C:\Users\lenovo\.m2\repository\io\ous\jtoml\2.0.0\jtoml-2.0.0.jar;C:\Users\lenovo\.m2\repository\net\bytebuddy\byte-buddy\1.12.2\byte-buddy-1.12.2.jar;C:\Users\lenovo\.m2\repository\org\apache\commons\commons-exec\1.3\commons-exec-1.3.jar;C:\Users\lenovo\.m2\repository\org\asynchttpclient\async-http-client\2.12.3\async-http-client-2.12.3.jar;C:\Users\lenovo\.m2\repository\org\asynchttpclient\async-http-client-netty-utils\2.12.3\async-http-client-netty-utils-2.12.3.jar;C:\Users\lenovo\.m2\repository\io\netty\netty-codec-socks\4.1.60.Final\netty-codec-socks-4.1.60.Final.jar;C:\Users\lenovo\.m2\repository\io\netty\netty-handler-proxy\4.1.60.Final\netty-handler-proxy-4.1.60.Final.jar;C:\Users\lenovo\.m2\repository\io\netty\netty-transport-native-epoll\4.1.60.Final\netty-transport-native-epoll-4.1.60.Final-linux-x86_64.jar;C:\Users\lenovo\.m2\repository\io\netty\netty-transport-native-kqueue\4.1.60.Final\netty-transport-native-kqueue-4.1.60.Final-osx-x86_64.jar;C:\Users\lenovo\.m2\repository\org\reactivestreams\reactive-streams\1.0.3\reactive-streams-1.0.3.jar;C:\Users\lenovo\.m2\repository\com\typesafe\netty\netty-reactive-streams\2.0.4\netty-reactive-streams-2.0.4.jar;C:\Users\lenovo\.m2\repository\com\sun\activation\jakarta.activation\1.2.2\jakarta.activation-1.2.2.jar;C:\Users\lenovo\.m2\repository\org\seleniumhq\selenium\selenium-http\4.1.1\selenium-http-4.1.1.jar;C:\Users\lenovo\.m2\repository\net\jodah\failsafe\2.4.4\failsafe-2.4.4.jar;C:\Users\lenovo\.m2\repository\org\seleniumhq\selenium\selenium-safari-driver\4.1.1\selenium-safari-driver-4.1.1.jar;C:\Users\lenovo\.m2\repository\org\seleniumhq\selenium\selenium-support\4.1.1\selenium-support-4.1.1.jar;C:\Users\lenovo\.m2\repository\io\github\bonigarcia\webdrivermanager\5.1.1\webdrivermanager-5.1.1.jar;C:\Users\lenovo\.m2\repository\com\google\code\gson\gson\2.9.0\gson-2.9.0.jar;C:\Users\lenovo\.m2\repository\com\github\docker-java\docker-java\3.2.13\docker-java-3.2.13.jar;C:\Users\lenovo\.m2\repository\com\github\docker-java\docker-java-core\3.2.13\docker-java-core-3.2.13.jar;C:\Users\lenovo\.m2\repository\com\github\docker-java\docker-java-api\3.2.13\docker-java-api-3.2.13.jar;C:\Users\lenovo\.m2\repository\com\fasterxml\jackson\core\jackson-annotations\2.10.3\jackson-annotations-2.10.3.jar;C:\Users\lenovo\.m2\repository\com\fasterxml\jackson\core\jackson-databind\2.10.3\jackson-databind-2.10.3.jar;C:\Users\lenovo\.m2\repository\com\fasterxml\jackson\core\jackson-core\2.10.3\jackson-core-2.10.3.jar;C:\Users\lenovo\.m2\repository\org\bouncycastle\bcpkix-jdk15on\1.64\bcpkix-jdk15on-1.64.jar;C:\Users\lenovo\.m2\repository\org\bouncycastle\bcprov-jdk15on\1.64\bcprov-jdk15on-1.64.jar;C:\Users\lenovo\.m2\repository\org\slf4j\jcl-over-slf4j\1.7.30\jcl-over-slf4j-1.7.30.jar;C:\Users\lenovo\.m2\repository\com\github\docker-java\docker-java-transport-httpclient5\3.2.13\docker-java-transport-httpclient5-3.2.13.jar;C:\Users\lenovo\.m2\repository\com\github\docker-java\docker-java-transport\3.2.13\docker-java-transport-3.2.13.jar;C:\Users\lenovo\.m2\repository\net\java\dev\jna\jna\5.8.0\jna-5.8.0.jar;C:\Users\lenovo\.m2\repository\org\brotli\dec\0.1.2\dec-0.1.2.jar;C:\Users\lenovo\.m2\repository\org\apache\commons\commons-lang3\3.12.0\commons-lang3-3.12.0.jar;C:\Users\lenovo\.m2\repository\org\apache\httpcomponents\client5\httpclient5\5.1.3\httpclient5-5.1.3.jar;C:\Users\lenovo\.m2\repository\org\apache\httpcomponents\core5\httpcore5\5.1.3\httpcore5-5.1.3.jar;C:\Users\lenovo\.m2\repository\org\apache\httpcomponents\core5\httpcore5-h2\5.1.3\httpcore5-h2-5.1.3.jar;C:\Users\lenovo\.m2\repository\org\apache\poi\poi\5.2.2\poi-5.2.2.jar;C:\Users\lenovo\.m2\repository\commons-codec\commons-codec\1.15\commons-codec-1.15.jar;C:\Users\lenovo\.m2\repository\org\apache\commons\commons-collections4\4.4\commons-collections4-4.4.jar;C:\Users\lenovo\.m2\repository\org\apache\commons\commons-math3\3.6.1\commons-math3-3.6.1.jar;C:\Users\lenovo\.m2\repository\commons-io\commons-io\2.11.0\commons-io-2.11.0.jar;C:\Users\lenovo\.m2\repository\com\zaxxer\SparseBitSet\1.2\SparseBitSet-1.2.jar;C:\Users\lenovo\.m2\repository\org\apache\poi\poi-ooxml\5.2.2\poi-ooxml-5.2.2.jar;C:\Users\lenovo\.m2\repository\org\apache\poi\poi-ooxml-lite\5.2.2\poi-ooxml-lite-5.2.2.jar;C:\Users\lenovo\.m2\repository\org\apache\xmlbeans\xmlbeans\5.0.3\xmlbeans-5.0.3.jar;C:\Users\lenovo\.m2\repository\org\apache\commons\commons-compress\1.21\commons-compress-1.21.jar;C:\Users\lenovo\.m2\repository\com\github\virtuald\curvesapi\1.07\curvesapi-1.07.jar;C:\Users\lenovo\.m2\repository\org\apache\logging\log4j\log4j-api\2.19.0\log4j-api-2.19.0.jar;C:\Users\lenovo\.m2\repository\org\apache\logging\log4j\log4j-core\2.19.0\log4j-core-2.19.0.jar;C:\Users\lenovo\.m2\repository\com\google\inject\guice\5.1.0\guice-5.1.0.jar;C:\Users\lenovo\.m2\repository\javax\inject\javax.inject\1\javax.inject-1.jar;C:\Users\lenovo\.m2\repository\aopalliance\aopalliance\1.0\aopalliance-1.0.jar;C:\Users\lenovo\.m2\repository\com\google\guava\guava\30.1-jre\guava-30.1-jre.jar;C:\Users\lenovo\.m2\repository\com\google\guava\failureaccess\1.0.1\failureaccess-1.0.1.jar;C:\Users\lenovo\.m2\repository\com\google\guava\listenablefuture\9999.0-empty-to-avoid-conflict-with-guava\listenablefuture-9999.0-empty-to-avoid-conflict-with-guava.jar;C:\Users\lenovo\.m2\repository\org\checkerframework\checker-qual\3.5.0\checker-qual-3.5.0.jar;C:\Users\lenovo\.m2\repository\com\google\errorprone\error_prone_annotations\2.3.4\error_prone_annotations-2.3.4.jar;C:\Users\lenovo\.m2\repository\com\google\j2objc\j2objc-annotations\1.3\j2objc-annotations-1.3.jar;C:\Users\lenovo\.m2\repository\org\uncommons\reportng\1.1.4\reportng-1.1.4.jar;C:\Users\lenovo\.m2\repository\velocity\velocity\1.4\velocity-1.4.jar;C:\Users\lenovo\.m2\repository\velocity\velocity-dep\1.4\velocity-dep-1.4.jar;C:\Users\lenovo\.m2\repository\org\apache\maven\plugins\maven-compiler-plugin\3.10.1\maven-compiler-plugin-3.10.1.jar;C:\Users\lenovo\.m2\repository\org\apache\maven\shared\maven-shared-utils\3.3.4\maven-shared-utils-3.3.4.jar;C:\Users\lenovo\.m2\repository\org\apache\maven\shared\maven-shared-incremental\1.1\maven-shared-incremental-1.1.jar;C:\Users\lenovo\.m2\repository\org\codehaus\plexus\plexus-component-annotations\1.5.5\plexus-component-annotations-1.5.5.jar;C:\Users\lenovo\.m2\repository\org\codehaus\plexus\plexus-java\1.1.1\plexus-java-1.1.1.jar;C:\Users\lenovo\.m2\repository\org\ow2\asm\asm\9.2\asm-9.2.jar;C:\Users\lenovo\.m2\repository\com\thoughtworks\qdox\qdox\2.0.1\qdox-2.0.1.jar;C:\Users\lenovo\.m2\repository\org\codehaus\plexus\plexus-compiler-api\2.11.1\plexus-compiler-api-2.11.1.jar;C:\Users\lenovo\.m2\repository\org\codehaus\plexus\plexus-utils\3.4.1\plexus-utils-3.4.1.jar;C:\Users\lenovo\.m2\repository\org\codehaus\plexus\plexus-compiler-manager\2.11.1\plexus-compiler-manager-2.11.1.jar;C:\Users\lenovo\.m2\repository\org\codehaus\plexus\plexus-compiler-javac\2.11.1\plexus-compiler-javac-2.11.1.jar;C:\Users\lenovo\.m2\repository\com\relevantcodes\extentreports\2.41.2\extentreports-2.41.2.jar;C:\Users\lenovo\.m2\repository\org\jsoup\jsoup\1.8.3\jsoup-1.8.3.jar;C:\Users\lenovo\.m2\repository\org\xerial\sqlite-jdbc\3.8.11.1\sqlite-jdbc-3.8.11.1.jar;C:\Users\lenovo\.m2\repository\org\freemarker\freemarker\2.3.23\freemarker-2.3.23.jar;C:\Users\lenovo\.m2\repository\org\mongodb\mongodb-driver\3.0.4\mongodb-driver-3.0.4.jar;C:\Users\lenovo\.m2\repository\org\mongodb\bson\3.0.4\bson-3.0.4.jar;C:\Users\lenovo\.m2\repository\org\mongodb\mongodb-driver-core\3.0.4\mongodb-driver-core-3.0.4.jar;C:\Users\lenovo\.m2\repository\org\slf4j\slf4j-simple\1.7.32\slf4j-simple-1.7.32.jar;"/>
    <property name="sun.cpu.endian" value="little"/>
    <property name="user.home" value="C:\Users\lenovo"/>
    <property name="user.language" value="en"/>
    <property name="java.specification.vendor" value="Oracle Corporation"/>
    <property name="java.version.date" value="2021-10-19"/>
    <property name="java.home" value="C:\Program Files\Java\jdk-17.0.1"/>
    <property name="file.separator" value="\"/>
    <property name="basedir" value="D:\dataDrivenTestingProject\dataDriven"/>
    <property name="java.vm.compressedOopsMode" value="Zero based"/>
    <property name="line.separator" value="&#10;"/>
    <property name="java.vm.specification.vendor" value="Oracle Corporation"/>
    <property name="java.specification.name" value="Java Platform API Specification"/>
    <property name="surefire.real.class.path" value="C:\Users\lenovo\AppData\Local\Temp\surefire2932894861955849370\surefirebooter-20230104094639491_3.jar"/>
    <property name="user.script" value=""/>
    <property name="sun.management.compiler" value="HotSpot 64-Bit Tiered Compilers"/>
    <property name="java.runtime.version" value="17.0.1+12-LTS-39"/>
    <property name="user.name" value="lenovo"/>
    <property name="path.separator" value=";"/>
    <property name="os.version" value="10.0"/>
    <property name="java.runtime.name" value="Java(TM) SE Runtime Environment"/>
    <property name="file.encoding" value="Cp1252"/>
    <property name="sun.nio.ch.bugLevel" value=""/>
    <property name="java.vm.name" value="Java HotSpot(TM) 64-Bit Server VM"/>
    <property name="localRepository" value="C:\Users\lenovo\.m2\repository"/>
    <property name="java.vendor.url.bug" value="https://bugreport.java.com/bugreport/"/>
    <property name="java.io.tmpdir" value="C:\Users\lenovo\AppData\Local\Temp\"/>
    <property name="java.version" value="17.0.1"/>
    <property name="user.dir" value="D:\dataDrivenTestingProject\dataDriven"/>
    <property name="os.arch" value="amd64"/>
    <property name="java.vm.specification.name" value="Java Virtual Machine Specification"/>
    <property name="sun.os.patch.level" value=""/>
    <property name="native.encoding" value="Cp1252"/>
    <property name="java.library.path" value="C:\Program Files\Java\jdk-17.0.1\bin;C:\WINDOWS\Sun\Java\bin;C:\WINDOWS\system32;C:\WINDOWS;C:\Python311\Scripts\;C:\Python311\;C:\Program Files\Common Files\Oracle\Java\javapath;C:\WINDOWS\system32;C:\WINDOWS;C:\WINDOWS\System32\Wbem;C:\WINDOWS\System32\WindowsPowerShell\v1.0\;C:\WINDOWS\System32\OpenSSH\;C:\Program Files\Java\jdk-17.0.1\bin;C:\Program Files\Microsoft VS Code\bin;D:\SeleniumExecutables\apache-maven-3.8.5\bin;C:\Program Files\Docker\Docker\resources\bin;C:\ProgramData\DockerDesktop\version-bin;C:\Program Files\Git\cmd;C:\ProgramData\chocolatey\bin;C:\Program Files\nodejs\;C:\Program Files\MySQL\MySQL Shell 8.0\bin\;C:\Users\lenovo\AppData\Local\Microsoft\WindowsApps;D:\SeleniumExecutables\apache-maven-3.8.5\bin;C:\Users\lenovo\AppData\Roaming\npm;."/>
    <property name="java.vm.info" value="mixed mode, sharing"/>
    <property name="java.vendor" value="Oracle Corporation"/>
    <property name="java.vm.version" value="17.0.1+12-LTS-39"/>
    <property name="sun.io.unicode.encoding" value="UnicodeLittle"/>
    <property name="java.class.version" value="61.0"/>
  </properties>
  <testcase name="mgrLogin" classname="com.ddt.testcases.TestCases" time="5.708">
    <system-out><![CDATA[D:\dataDrivenTestingProject\dataDriven
09:46:41.324 [main] ERROR com.ddt.rough.TestProperties - Config files are loaded;
chrome
D:\dataDrivenTestingProject\dataDriven
09:46:41.391 [main] ERROR com.ddt.rough.TestProperties - Config files are loaded;
chrome
D:\dataDrivenTestingProject\dataDriven
09:46:41.398 [main] ERROR com.ddt.rough.TestProperties - Config files are loaded;
chrome
Initializing the chrome driver
09:46:44.632 [main] ERROR com.ddt.rough.TestProperties - error intitalizing the chrome capabilities
SheetName is : isRunnable
TestCase IsRun
IsRun 
mgrLogin Y
65168514
driverC:\Users\lenovo\AppData\Local\Temp\screenshot3103679068475868720.png
D:\dataDrivenTestingProject\dataDriven\target\surefire-reports\html\ScreenShotWed_Jan_04_09_46_49_IST_2023.png
Screen shot copied
DEBUG   16728   [freemark] (): Couldn't find template in cache for "Extent.ftl"("en_IN", UTF-8, parsed); will try to load it.
DEBUG   16728   [freemark] (): TemplateLoader.findTemplateSource("Extent_en_IN.ftl"): Not found
DEBUG   16728   [freemark] (): TemplateLoader.findTemplateSource("Extent_en.ftl"): Not found
DEBUG   16728   [freemark] (): TemplateLoader.findTemplateSource("Extent.ftl"): Found
DEBUG   16728   [freemark] (): Loading template for "Extent.ftl"("en_IN", UTF-8, parsed) from "jar:file:/C:/Users/lenovo/.m2/repository/com/relevantcodes/extentreports/2.41.2/extentreports-2.41.2.jar!/com/relevantcodes/extentreports/view/Extent.ftl"
]]></system-out>
    <system-err><![CDATA[[main] INFO io.github.bonigarcia.wdm.WebDriverManager - Using chromedriver 108.0.5359.71 (resolved driver for Chrome 108)
[main] INFO io.github.bonigarcia.wdm.WebDriverManager - Exporting webdriver.chrome.driver as C:\Users\lenovo\.cache\selenium\chromedriver\win32\108.0.5359.71\chromedriver.exe
Starting ChromeDriver 108.0.5359.71 (1e0e3868ee06e91ad636a874420e3ca3ae3756ac-refs/branch-heads/5359@{#1016}) on port 60557
Only local connections are allowed.
Please see https://chromedriver.chromium.org/security-considerations for suggestions on keeping ChromeDriver safe.
ChromeDriver was started successfully.
Jan 04, 2023 9:46:44 AM org.openqa.selenium.remote.ProtocolHandshake createSession
INFO: Detected dialect: W3C
Jan 04, 2023 9:46:44 AM org.openqa.selenium.devtools.CdpVersionFinder findNearestMatch
WARNING: Unable to find an exact match for CDP version 108, so returning the closest version found: a no-op implementation
Jan 04, 2023 9:46:44 AM org.openqa.selenium.devtools.CdpVersionFinder findNearestMatch
INFO: Unable to find CDP implementation matching 108.
Jan 04, 2023 9:46:44 AM org.openqa.selenium.chromium.ChromiumDriver lambda$new$3
WARNING: Unable to find version of CDP to use for . You may need to include a dependency on a specific version of the CDP using something similar to `org.seleniumhq.selenium:selenium-devtools-v86:4.1.1` where the version ("v86") matches the version of the chromium-based browser you're using and the version number of the artifact is the same as Selenium's.
]]></system-err>
  </testcase>
  <testcase name="addCustomer[{PostCode=600045, FirstName=Hasan, Run=Y, LastName=jubair}](1)" classname="com.ddt.testcases.TestCaseAddCustomer" time="1.124">
    <system-out><![CDATA[D:\dataDrivenTestingProject\dataDriven
09:46:50.427 [main] ERROR com.ddt.rough.TestProperties - Config files are loaded;
chrome
addCustomer
SheetName is : addCustomer
SheetName is : isRunnable
TestCase IsRun
IsRun 
mgrLogin Y
Y 
addCustomer Y
65168514
driverC:\Users\lenovo\AppData\Local\Temp\screenshot16403883659723830198.png
D:\dataDrivenTestingProject\dataDriven\target\surefire-reports\html\ScreenShotWed_Jan_04_09_46_51_IST_2023.png
Screen shot copied
DEBUG   16728   [freemark] (): Couldn't find template in cache for "Extent.ftl"("en_IN", UTF-8, parsed); will try to load it.
DEBUG   16728   [freemark] (): TemplateLoader.findTemplateSource("Extent_en_IN.ftl"): Not found
DEBUG   16728   [freemark] (): TemplateLoader.findTemplateSource("Extent_en.ftl"): Not found
DEBUG   16728   [freemark] (): TemplateLoader.findTemplateSource("Extent.ftl"): Found
DEBUG   16728   [freemark] (): Loading template for "Extent.ftl"("en_IN", UTF-8, parsed) from "jar:file:/C:/Users/lenovo/.m2/repository/com/relevantcodes/extentreports/2.41.2/extentreports-2.41.2.jar!/com/relevantcodes/extentreports/view/Extent.ftl"
]]></system-out>
  </testcase>
  <testcase name="addCustomer[{PostCode=700089, FirstName=Utkarsh, Run=Y, LastName=Singh}](2)" classname="com.ddt.testcases.TestCaseAddCustomer" time="0.774">
    <system-out><![CDATA[SheetName is : isRunnable
TestCase IsRun
IsRun 
mgrLogin Y
Y 
addCustomer Y
65168514
driverC:\Users\lenovo\AppData\Local\Temp\screenshot2056639902400021845.png
D:\dataDrivenTestingProject\dataDriven\target\surefire-reports\html\ScreenShotWed_Jan_04_09_46_52_IST_2023.png
Screen shot copied
DEBUG   16728   [freemark] (): Couldn't find template in cache for "Extent.ftl"("en_IN", UTF-8, parsed); will try to load it.
DEBUG   16728   [freemark] (): TemplateLoader.findTemplateSource("Extent_en_IN.ftl"): Not found
DEBUG   16728   [freemark] (): TemplateLoader.findTemplateSource("Extent_en.ftl"): Not found
DEBUG   16728   [freemark] (): TemplateLoader.findTemplateSource("Extent.ftl"): Found
DEBUG   16728   [freemark] (): Loading template for "Extent.ftl"("en_IN", UTF-8, parsed) from "jar:file:/C:/Users/lenovo/.m2/repository/com/relevantcodes/extentreports/2.41.2/extentreports-2.41.2.jar!/com/relevantcodes/extentreports/view/Extent.ftl"
]]></system-out>
  </testcase>
  <testcase name="addCustomer[{PostCode=900091, FirstName=Ahana, Run=Y, LastName=Bhandari}](3)" classname="com.ddt.testcases.TestCaseAddCustomer" time="0.584">
    <system-out><![CDATA[SheetName is : isRunnable
TestCase IsRun
IsRun 
mgrLogin Y
Y 
addCustomer Y
65168514
driverC:\Users\lenovo\AppData\Local\Temp\screenshot4897023145705141746.png
D:\dataDrivenTestingProject\dataDriven\target\surefire-reports\html\ScreenShotWed_Jan_04_09_46_52_IST_2023.png
Screen shot copied
DEBUG   16728   [freemark] (): Couldn't find template in cache for "Extent.ftl"("en_IN", UTF-8, parsed); will try to load it.
DEBUG   16728   [freemark] (): TemplateLoader.findTemplateSource("Extent_en_IN.ftl"): Not found
DEBUG   16728   [freemark] (): TemplateLoader.findTemplateSource("Extent_en.ftl"): Not found
DEBUG   16728   [freemark] (): TemplateLoader.findTemplateSource("Extent.ftl"): Found
DEBUG   16728   [freemark] (): Loading template for "Extent.ftl"("en_IN", UTF-8, parsed) from "jar:file:/C:/Users/lenovo/.m2/repository/com/relevantcodes/extentreports/2.41.2/extentreports-2.41.2.jar!/com/relevantcodes/extentreports/view/Extent.ftl"
]]></system-out>
  </testcase>
  <testcase name="openAccount[{Currency=Pound, FirstName=Hasan, Run=Y, LastName=jubair}](1)" classname="com.ddt.testcases.TestCaseOpenAccount" time="0.761">
    <system-out><![CDATA[D:\dataDrivenTestingProject\dataDriven
09:46:53.031 [main] ERROR com.ddt.rough.TestProperties - Config files are loaded;
chrome
openAccount
SheetName is : openAccount
SheetName is : isRunnable
TestCase IsRun
IsRun 
mgrLogin Y
Y 
addCustomer Y
Y 
openAccount Y
65168514
namePerson: Hasan jubair
value from excelPound
value from excelHasan jubair
driverC:\Users\lenovo\AppData\Local\Temp\screenshot13670065268200728572.png
D:\dataDrivenTestingProject\dataDriven\target\surefire-reports\html\ScreenShotWed_Jan_04_09_46_53_IST_2023.png
Screen shot copied
DEBUG   16728   [freemark] (): Couldn't find template in cache for "Extent.ftl"("en_IN", UTF-8, parsed); will try to load it.
DEBUG   16728   [freemark] (): TemplateLoader.findTemplateSource("Extent_en_IN.ftl"): Not found
DEBUG   16728   [freemark] (): TemplateLoader.findTemplateSource("Extent_en.ftl"): Not found
DEBUG   16728   [freemark] (): TemplateLoader.findTemplateSource("Extent.ftl"): Found
DEBUG   16728   [freemark] (): Loading template for "Extent.ftl"("en_IN", UTF-8, parsed) from "jar:file:/C:/Users/lenovo/.m2/repository/com/relevantcodes/extentreports/2.41.2/extentreports-2.41.2.jar!/com/relevantcodes/extentreports/view/Extent.ftl"
]]></system-out>
  </testcase>
  <testcase name="openAccount[{Currency=Dollar, FirstName=Utkarsh, Run=Y, LastName=Singh}](2)" classname="com.ddt.testcases.TestCaseOpenAccount" time="0.758">
    <system-out><![CDATA[SheetName is : isRunnable
TestCase IsRun
IsRun 
mgrLogin Y
Y 
addCustomer Y
Y 
openAccount Y
65168514
namePerson: Utkarsh Singh
value from excelDollar
value from excelUtkarsh Singh
driverC:\Users\lenovo\AppData\Local\Temp\screenshot4202381416364005420.png
D:\dataDrivenTestingProject\dataDriven\target\surefire-reports\html\ScreenShotWed_Jan_04_09_46_54_IST_2023.png
Screen shot copied
DEBUG   16728   [freemark] (): Couldn't find template in cache for "Extent.ftl"("en_IN", UTF-8, parsed); will try to load it.
DEBUG   16728   [freemark] (): TemplateLoader.findTemplateSource("Extent_en_IN.ftl"): Not found
DEBUG   16728   [freemark] (): TemplateLoader.findTemplateSource("Extent_en.ftl"): Not found
DEBUG   16728   [freemark] (): TemplateLoader.findTemplateSource("Extent.ftl"): Found
DEBUG   16728   [freemark] (): Loading template for "Extent.ftl"("en_IN", UTF-8, parsed) from "jar:file:/C:/Users/lenovo/.m2/repository/com/relevantcodes/extentreports/2.41.2/extentreports-2.41.2.jar!/com/relevantcodes/extentreports/view/Extent.ftl"
]]></system-out>
  </testcase>
  <testcase name="openAccount[{Currency=Rupee, FirstName=Ahana, Run=Y, LastName=Bhandari}](3)" classname="com.ddt.testcases.TestCaseOpenAccount" time="0.608">
    <system-out><![CDATA[SheetName is : isRunnable
TestCase IsRun
IsRun 
mgrLogin Y
Y 
addCustomer Y
Y 
openAccount Y
65168514
namePerson: Ahana Bhandari
value from excelRupee
value from excelAhana Bhandari
driverC:\Users\lenovo\AppData\Local\Temp\screenshot6769490999246278533.png
D:\dataDrivenTestingProject\dataDriven\target\surefire-reports\html\ScreenShotWed_Jan_04_09_46_55_IST_2023.png
Screen shot copied
DEBUG   16728   [freemark] (): Couldn't find template in cache for "Extent.ftl"("en_IN", UTF-8, parsed); will try to load it.
DEBUG   16728   [freemark] (): TemplateLoader.findTemplateSource("Extent_en_IN.ftl"): Not found
DEBUG   16728   [freemark] (): TemplateLoader.findTemplateSource("Extent_en.ftl"): Not found
DEBUG   16728   [freemark] (): TemplateLoader.findTemplateSource("Extent.ftl"): Found
DEBUG   16728   [freemark] (): Loading template for "Extent.ftl"("en_IN", UTF-8, parsed) from "jar:file:/C:/Users/lenovo/.m2/repository/com/relevantcodes/extentreports/2.41.2/extentreports-2.41.2.jar!/com/relevantcodes/extentreports/view/Extent.ftl"
]]></system-out>
  </testcase>
</testsuite>