<?xml version="1.0" encoding="UTF-8"?>
<!-- Generated by org.testng.reporters.JUnitReportReporter -->
<testsuite hostname="VIVEK" failures="0" tests="1" name="com.ddt.base.Base" time="11.573" errors="0" timestamp="27 Nov 2022 10:43:07 GMT" skipped="0">
  <testcase classname="com.ddt.base.Base" name="loginAsMgr" time="11.573"/>
</testsuite> <!-- com.ddt.base.Base -->
